<?xml version="1.0" encoding="UTF-8"?>
<!-- Generated by org.testng.reporters.JUnitReportReporter -->
<testsuite hostname="Aniket" failures="0" tests="3" name="AniketAcademy.Tests.Standalonetest" time="61.871" errors="0" timestamp="2025-05-04T11:28:35 IST" skipped="0">
  <testcase classname="AniketAcademy.Tests.Standalonetest" name="submitOrder" time="29.635"/>
  <testcase classname="AniketAcademy.Tests.Standalonetest" name="orderHistoryTest" time="2.636"/>
  <testcase classname="AniketAcademy.Tests.Standalonetest" name="submitOrder" time="29.600"/>
</testsuite> <!-- AniketAcademy.Tests.Standalonetest -->
