<?xml version="1.0" encoding="UTF-8"?>
<!-- Generated by org.testng.reporters.JUnitReportReporter -->
<testsuite hostname="Aniket" failures="0" tests="2" name="AniketAcademy.Tests.Standalonetest" time="55.983" errors="0" timestamp="2025-05-04T12:26:42 IST" skipped="0">
  <testcase classname="AniketAcademy.Tests.Standalonetest" name="submitOrder" time="25.247"/>
  <testcase classname="AniketAcademy.Tests.Standalonetest" name="submitOrder" time="30.736"/>
</testsuite> <!-- AniketAcademy.Tests.Standalonetest -->
